[debug] [2018-11-29T00:17:59.805Z] ----------------------------------------------------------------------
[debug] [2018-11-29T00:17:59.807Z] Command:       /usr/local/bin/node /usr/local/bin/firebase serve --only hosting
[debug] [2018-11-29T00:17:59.807Z] CLI Version:   5.1.1
[debug] [2018-11-29T00:17:59.807Z] Platform:      darwin
[debug] [2018-11-29T00:17:59.807Z] Node Version:  v8.12.0
[debug] [2018-11-29T00:17:59.808Z] Time:          Wed Nov 28 2018 16:17:59 GMT-0800 (PST)
[debug] [2018-11-29T00:17:59.808Z] ----------------------------------------------------------------------
[debug] 
[debug] [2018-11-29T00:17:59.818Z] > command requires scopes: ["email","openid","https://www.googleapis.com/auth/cloudplatformprojects.readonly","https://www.googleapis.com/auth/firebase","https://www.googleapis.com/auth/cloud-platform"]
[debug] [2018-11-29T00:17:59.819Z] > authorizing via signed-in user
[debug] [2018-11-29T00:17:59.819Z] [iam] checking project letsvybe-e4796 for permissions ["firebase.projects.get"]
[debug] [2018-11-29T00:17:59.821Z] >>> HTTP REQUEST POST https://cloudresourcemanager.googleapis.com/v1/projects/letsvybe-e4796:testIamPermissions  

[debug] [2018-11-29T00:18:00.113Z] <<< HTTP RESPONSE 200
[debug] [2018-11-29T00:18:00.114Z] >>> HTTP REQUEST GET https://cloudresourcemanager.googleapis.com/v1/projects/letsvybe-e4796  
 
[debug] [2018-11-29T00:18:00.358Z] <<< HTTP RESPONSE 200
[info] 
[info] === Serving from '/Users/bijeshsubedi/Desktop/testMaster/Modular Feeds'...
[info] 
[debug] [2018-11-29T00:18:00.361Z] >>> HTTP REQUEST GET https://mobilesdk-pa.googleapis.com/v1/projects/527312988709/clients/_:getWebAppConfig  
 
[debug] [2018-11-29T00:18:00.920Z] <<< HTTP RESPONSE 200
[warn] ⚠  hosting: Port 5000 is not available. Trying another port...
[warn] ⚠  hosting: Port 5000 is not available. Trying another port...
[info] i  hosting: Serving hosting files from: public
[info] ✔  hosting: Local server: http://localhost:5010
[debug] [2018-11-29T00:43:15.036Z] Error: connect ETIMEDOUT 216.58.194.163:443
    at TCPConnectWrap.afterConnect [as oncomplete] (net.js:1191:14)
[error] 
[error] Error: An unexpected error has occurred.
[debug] [2018-11-29T00:43:15.038Z] Error: socket hang up
    at createHangUpError (_http_client.js:331:15)
    at TLSSocket.socketCloseListener (_http_client.js:363:23)
    at emitOne (events.js:121:20)
    at TLSSocket.emit (events.js:211:7)
    at _handle.close (net.js:561:12)
    at TCP.done [as _onclose] (_tls_wrap.js:360:7)
[error] 
[error] Error: An unexpected error has occurred.
[debug] [2018-11-29T00:43:27.243Z] ----------------------------------------------------------------------
[debug] [2018-11-29T00:43:27.245Z] Command:       /usr/local/bin/node /usr/local/bin/firebase serve --only hosting
[debug] [2018-11-29T00:43:27.245Z] CLI Version:   5.1.1
[debug] [2018-11-29T00:43:27.245Z] Platform:      darwin
[debug] [2018-11-29T00:43:27.245Z] Node Version:  v8.12.0
[debug] [2018-11-29T00:43:27.246Z] Time:          Wed Nov 28 2018 16:43:27 GMT-0800 (PST)
[debug] [2018-11-29T00:43:27.246Z] ----------------------------------------------------------------------
[debug] 
[debug] [2018-11-29T00:43:27.257Z] > command requires scopes: ["email","openid","https://www.googleapis.com/auth/cloudplatformprojects.readonly","https://www.googleapis.com/auth/firebase","https://www.googleapis.com/auth/cloud-platform"]
[debug] [2018-11-29T00:43:27.258Z] > authorizing via signed-in user
[debug] [2018-11-29T00:43:27.258Z] [iam] checking project letsvybe-e4796 for permissions ["firebase.projects.get"]
[debug] [2018-11-29T00:43:27.260Z] >>> HTTP REQUEST POST https://cloudresourcemanager.googleapis.com/v1/projects/letsvybe-e4796:testIamPermissions  

[debug] [2018-11-29T00:43:27.801Z] <<< HTTP RESPONSE 200
[debug] [2018-11-29T00:43:27.802Z] >>> HTTP REQUEST GET https://cloudresourcemanager.googleapis.com/v1/projects/letsvybe-e4796  
 
[debug] [2018-11-29T00:43:28.054Z] <<< HTTP RESPONSE 200
[info] 
[info] === Serving from '/Users/bijeshsubedi/Desktop/testMaster/Modular Feeds'...
[info] 
[debug] [2018-11-29T00:43:28.056Z] >>> HTTP REQUEST GET https://mobilesdk-pa.googleapis.com/v1/projects/527312988709/clients/_:getWebAppConfig  
 
[debug] [2018-11-29T00:43:28.626Z] <<< HTTP RESPONSE 200
[warn] ⚠  hosting: Port 5000 is not available. Trying another port...
[warn] ⚠  hosting: Port 5000 is not available. Trying another port...
[info] i  hosting: Serving hosting files from: public
[info] ✔  hosting: Local server: http://localhost:5010
